ampe-lib-widget/build/intermediates/manifest_merge_blame_file/release/manifest-merger-blame-release-report.txt
1<?xml version="1.0" encoding="utf-8"?>
2<manifest xmlns:android="http://schemas.android.com/apk/res/android"
3    package="com.zeekrlife.ampe.lib.widget" >
4
5    <uses-sdk android:minSdkVersion="28" />
5-->src/main/AndroidManifest.xml
6
7    <uses-permission android:name="zeekrlife.permission.AMPE_APPLET" />
7-->src/main/AndroidManifest.xml:5:5-72
7-->src/main/AndroidManifest.xml:5:22-69
8
9</manifest>